<?xml version="1.0" encoding="UTF-8"?>
<testsuite name="com.app.UseCaseTest" tests="1" skipped="0" failures="0" errors="0" timestamp="2021-11-08T07:52:56" hostname="DESKTOP-CH34OMU" time="3.007">
  <properties/>
  <testcase name="class_implementing_crudrepository_should_have_name_ending_with_repository" classname="com.app.UseCaseTest" time="3.007"/>
  <system-out><![CDATA[?[36m13:22:56.905?[0;39m ?[1;30m[Test worker]?[0;39m ?[34mINFO ?[0;39m ?[35mc.tngtech.archunit.core.PluginLoader?[0;39m - Detected Java version 11.0.11
]]></system-out>
  <system-err><![CDATA[]]></system-err>
</testsuite>
