<?xml version="1.0" encoding="UTF-8"?>
<testsuite name="com.app.UseCaseDemo_OnlineTest" tests="1" skipped="0" failures="0" errors="0" timestamp="2021-11-08T07:53:04" hostname="DESKTOP-CH34OMU" time="0.056">
  <properties/>
  <testcase name="testItWorks()" classname="com.app.UseCaseDemo_OnlineTest" time="0.056"/>
  <system-out><![CDATA[?[36m13:23:01.497?[0;39m ?[1;30m[Test worker]?[0;39m ?[34mINFO ?[0;39m ?[35mi.m.context.env.DefaultEnvironment?[0;39m - Established active environments: [test]
]]></system-out>
  <system-err><![CDATA[]]></system-err>
</testsuite>
