<?xml version="1.0" encoding="UTF-8"?>
<testsuite name="com.app.UseCaseDemo_OnlineTest" tests="1" skipped="0" failures="0" errors="0" timestamp="2021-11-08T08:14:49" hostname="DESKTOP-CH34OMU" time="0.049">
  <properties/>
  <testcase name="testItWorks()" classname="com.app.UseCaseDemo_OnlineTest" time="0.049"/>
  <system-out><![CDATA[?[36m13:44:45.575?[0;39m ?[1;30m[Test worker]?[0;39m ?[34mINFO ?[0;39m ?[35mi.m.context.env.DefaultEnvironment?[0;39m - Established active environments: [test]
]]></system-out>
  <system-err><![CDATA[]]></system-err>
</testsuite>
